\BOOKMARK [1][-]{section.1}{Introduction}{}% 1
\BOOKMARK [1][-]{section.2}{Dataset}{}% 2
\BOOKMARK [2][-]{subsection.2.1}{7-Classes}{section.2}% 3
\BOOKMARK [2][-]{subsection.2.2}{2-Classes}{section.2}% 4
\BOOKMARK [1][-]{section.3}{Metrics}{}% 5
\BOOKMARK [2][-]{subsection.3.1}{2-Classes}{section.3}% 6
\BOOKMARK [2][-]{subsection.3.2}{7-Classes}{section.3}% 7
\BOOKMARK [1][-]{section.4}{Phase I}{}% 8
\BOOKMARK [2][-]{subsection.4.1}{Feature Extraction}{section.4}% 9
\BOOKMARK [3][-]{subsubsection.4.1.1}{Image Segmentation}{subsection.4.1}% 10
\BOOKMARK [3][-]{subsubsection.4.1.2}{Color}{subsection.4.1}% 11
\BOOKMARK [3][-]{subsubsection.4.1.3}{Texture}{subsection.4.1}% 12
\BOOKMARK [3][-]{subsubsection.4.1.4}{Shape}{subsection.4.1}% 13
\BOOKMARK [3][-]{subsubsection.4.1.5}{Legendre Moments \(FS\)}{subsection.4.1}% 14
\BOOKMARK [2][-]{subsection.4.2}{Feature Selection}{section.4}% 15
\BOOKMARK [3][-]{subsubsection.4.2.1}{Robustness Towards Hair Occlusion}{subsection.4.2}% 16
\BOOKMARK [3][-]{subsubsection.4.2.2}{Unvarite Feature Selection}{subsection.4.2}% 17
\BOOKMARK [3][-]{subsubsection.4.2.3}{Select From Model}{subsection.4.2}% 18
\BOOKMARK [2][-]{subsection.4.3}{Models}{section.4}% 19
\BOOKMARK [3][-]{subsubsection.4.3.1}{Support Vector Machines}{subsection.4.3}% 20
\BOOKMARK [3][-]{subsubsection.4.3.2}{Decision Tree Classifier}{subsection.4.3}% 21
\BOOKMARK [3][-]{subsubsection.4.3.3}{Random Forest}{subsection.4.3}% 22
\BOOKMARK [1][-]{section.5}{Phase II}{}% 23
\BOOKMARK [2][-]{subsection.5.1}{Preprocessing}{section.5}% 24
\BOOKMARK [3][-]{subsubsection.5.1.1}{Data Augmentation and Normalization}{subsection.5.1}% 25
\BOOKMARK [2][-]{subsection.5.2}{Models}{section.5}% 26
\BOOKMARK [2][-]{subsection.5.3}{Training}{section.5}% 27
\BOOKMARK [1][-]{section.6}{Evaluation}{}% 28
\BOOKMARK [1][-]{section.7}{Results}{}% 29
\BOOKMARK [1][-]{section.8}{Discussion and Conclusion}{}% 30
\BOOKMARK [1][-]{section*.2}{References}{}% 31
